listening on *:50710
authserver identifed, publicKey :
-----BEGIN RSA PUBLIC KEY-----
MEgCQQCATD6P62efhkGlhBxp6KSiUF6fUjzxxHGWGbASW6YuzMkV/ka9mD9ravOp
ppgVRNyQoy9FpfJ4S/VA5L1kKMbPAgMBAAE=
-----END RSA PUBLIC KEY-----
nonce https://localhost:3000 = 23052 (initiate)
remote API changes : 
{ existingApi: [],
  removedApi: [],
  addedApi: 
   [ 'scenarioServer.Role_assignUserToRole',
     'scenarioServer.Role_unAssignRole',
     'scenarioServer.Role_create',
     'scenarioServer.Role_update',
     'scenarioServer.Role_delete',
     'scenarioServer.Role_getRoleStructure',
     'scenarioServer.scenario_create',
     'scenarioServer.scenario_find',
     'scenarioServer.scenario_setTimeframe',
     'scenarioServer.scenario_setRIG',
     'scenarioServer.scenario_getScenarioAdmin',
     'scenarioServer.Role_get',
     'scenarioServer.Role_find',
     'scenarioServer.getOrigin',
     'user.getOrigin',
     'user.get',
     'user.delete',
     'user.add',
     'user.list',
     'user.update',
     'webserver.attachresource',
     'webserver.attachscript',
     'mapview.getOrigin',
     'key.getOrigin',
     'key.sendRegisterRequest',
     'key.get',
     'key.delete',
     'key.add',
     'key.list',
     'key.update' ] }
service initiation success
nonce https://localhost:3000 = 23053 (callmethod)
nonce https://localhost:3000 = 23054 (register)
remote API changes : 
{ existingApi: 
   [ 'scenarioServer.Role_assignUserToRole',
     'scenarioServer.Role_unAssignRole',
     'scenarioServer.Role_create',
     'scenarioServer.Role_update',
     'scenarioServer.Role_delete',
     'scenarioServer.Role_getRoleStructure',
     'scenarioServer.scenario_create',
     'scenarioServer.scenario_find',
     'scenarioServer.scenario_setTimeframe',
     'scenarioServer.scenario_setRIG',
     'scenarioServer.scenario_getScenarioAdmin',
     'scenarioServer.Role_get',
     'scenarioServer.Role_find',
     'scenarioServer.getOrigin',
     'user.getOrigin',
     'user.get',
     'user.delete',
     'user.add',
     'user.list',
     'user.update',
     'webserver.attachresource',
     'webserver.attachscript',
     'mapview.getOrigin',
     'key.getOrigin',
     'key.sendRegisterRequest',
     'key.get',
     'key.delete',
     'key.add',
     'key.list',
     'key.update' ],
  removedApi: [],
  addedApi: [] }
remote API changes : 
{ existingApi: 
   [ 'scenarioServer.Role_assignUserToRole',
     'scenarioServer.Role_unAssignRole',
     'scenarioServer.Role_create',
     'scenarioServer.Role_update',
     'scenarioServer.Role_delete',
     'scenarioServer.Role_getRoleStructure',
     'scenarioServer.scenario_create',
     'scenarioServer.scenario_find',
     'scenarioServer.scenario_setTimeframe',
     'scenarioServer.scenario_setRIG',
     'scenarioServer.scenario_getScenarioAdmin',
     'scenarioServer.Role_get',
     'scenarioServer.Role_find',
     'scenarioServer.getOrigin',
     'user.getOrigin',
     'user.get',
     'user.delete',
     'user.add',
     'user.list',
     'user.update',
     'webserver.attachresource',
     'webserver.attachscript',
     'mapview.getOrigin',
     'key.getOrigin',
     'key.sendRegisterRequest',
     'key.get',
     'key.delete',
     'key.add',
     'key.list',
     'key.update' ],
  removedApi: [],
  addedApi: 
   [ 'sikplServer.Sikpl_GetById',
     'sikplServer.Sikpl_getAll',
     'sikplServer.Sikpl_create',
     'sikplServer.Sikpl_delete',
     'sikplServer.Sikpl_Update',
     'sikplServer.Sikpl_AddDocument',
     'sikplServer.Sikpl_deleteDocument',
     'sikplServer.Sikpl_DocumentBySection',
     'sikplServer.getOrigin' ] }
remote API changes : 
{ existingApi: 
   [ 'scenarioServer.Role_assignUserToRole',
     'scenarioServer.Role_unAssignRole',
     'scenarioServer.Role_create',
     'scenarioServer.Role_update',
     'scenarioServer.Role_delete',
     'scenarioServer.Role_getRoleStructure',
     'scenarioServer.scenario_create',
     'scenarioServer.scenario_find',
     'scenarioServer.scenario_setTimeframe',
     'scenarioServer.scenario_setRIG',
     'scenarioServer.scenario_getScenarioAdmin',
     'scenarioServer.Role_get',
     'scenarioServer.Role_find',
     'scenarioServer.getOrigin',
     'user.getOrigin',
     'user.get',
     'user.delete',
     'user.add',
     'user.list',
     'user.update',
     'webserver.attachresource',
     'webserver.attachscript',
     'mapview.getOrigin',
     'key.getOrigin',
     'key.sendRegisterRequest',
     'key.get',
     'key.delete',
     'key.add',
     'key.list',
     'key.update',
     'sikplServer.Sikpl_GetById',
     'sikplServer.Sikpl_getAll',
     'sikplServer.Sikpl_create',
     'sikplServer.Sikpl_delete',
     'sikplServer.Sikpl_Update',
     'sikplServer.Sikpl_AddDocument',
     'sikplServer.Sikpl_deleteDocument',
     'sikplServer.Sikpl_DocumentBySection',
     'sikplServer.getOrigin' ],
  removedApi: [],
  addedApi: 
   [ 'announcer.getOrigin',
     'announcer.getEvents',
     'announcer.getNews' ] }
remote API changes : 
{ existingApi: 
   [ 'scenarioServer.Role_assignUserToRole',
     'scenarioServer.Role_unAssignRole',
     'scenarioServer.Role_create',
     'scenarioServer.Role_update',
     'scenarioServer.Role_delete',
     'scenarioServer.Role_getRoleStructure',
     'scenarioServer.scenario_create',
     'scenarioServer.scenario_find',
     'scenarioServer.scenario_setTimeframe',
     'scenarioServer.scenario_setRIG',
     'scenarioServer.scenario_getScenarioAdmin',
     'scenarioServer.Role_get',
     'scenarioServer.Role_find',
     'scenarioServer.getOrigin',
     'user.getOrigin',
     'user.get',
     'user.delete',
     'user.add',
     'user.list',
     'user.update',
     'webserver.attachresource',
     'webserver.attachscript',
     'mapview.getOrigin',
     'key.getOrigin',
     'key.sendRegisterRequest',
     'key.get',
     'key.delete',
     'key.add',
     'key.list',
     'key.update',
     'announcer.getOrigin',
     'announcer.getEvents',
     'announcer.getNews',
     'sikplServer.Sikpl_GetById',
     'sikplServer.Sikpl_getAll',
     'sikplServer.Sikpl_create',
     'sikplServer.Sikpl_delete',
     'sikplServer.Sikpl_Update',
     'sikplServer.Sikpl_AddDocument',
     'sikplServer.Sikpl_deleteDocument',
     'sikplServer.Sikpl_DocumentBySection',
     'sikplServer.getOrigin' ],
  removedApi: [],
  addedApi: 
   [ 'announcer.createEvents',
     'announcer.updateEvents',
     'announcer.deleteEvents',
     'announcer.createNews',
     'announcer.updateNews',
     'announcer.deleteNews' ] }
registered local method : getOrigin
registered local method : generateDocKey
registered local method : generateSheetKey
registered local method : generatePresentationKey
registered local method : getDocServerUrl
remote API changes : 
{ existingApi: 
   [ 'scenarioServer.Role_assignUserToRole',
     'scenarioServer.Role_unAssignRole',
     'scenarioServer.Role_create',
     'scenarioServer.Role_update',
     'scenarioServer.Role_delete',
     'scenarioServer.Role_getRoleStructure',
     'scenarioServer.scenario_create',
     'scenarioServer.scenario_find',
     'scenarioServer.scenario_setTimeframe',
     'scenarioServer.scenario_setRIG',
     'scenarioServer.scenario_getScenarioAdmin',
     'scenarioServer.Role_get',
     'scenarioServer.Role_find',
     'scenarioServer.getOrigin',
     'user.getOrigin',
     'user.get',
     'user.delete',
     'user.add',
     'user.list',
     'user.update',
     'webserver.attachresource',
     'webserver.attachscript',
     'mapview.getOrigin',
     'key.getOrigin',
     'key.sendRegisterRequest',
     'key.get',
     'key.delete',
     'key.add',
     'key.list',
     'key.update',
     'announcer.getOrigin',
     'announcer.getEvents',
     'announcer.getNews',
     'announcer.createEvents',
     'announcer.updateEvents',
     'announcer.deleteEvents',
     'announcer.createNews',
     'announcer.updateNews',
     'announcer.deleteNews',
     'sikplServer.Sikpl_GetById',
     'sikplServer.Sikpl_getAll',
     'sikplServer.Sikpl_create',
     'sikplServer.Sikpl_delete',
     'sikplServer.Sikpl_Update',
     'sikplServer.Sikpl_AddDocument',
     'sikplServer.Sikpl_deleteDocument',
     'sikplServer.Sikpl_DocumentBySection',
     'sikplServer.getOrigin' ],
  removedApi: [],
  addedApi: [] }
remote API changes : 
{ existingApi: 
   [ 'scenarioServer.Role_assignUserToRole',
     'scenarioServer.Role_unAssignRole',
     'scenarioServer.Role_create',
     'scenarioServer.Role_update',
     'scenarioServer.Role_delete',
     'scenarioServer.Role_getRoleStructure',
     'scenarioServer.scenario_create',
     'scenarioServer.scenario_find',
     'scenarioServer.scenario_setTimeframe',
     'scenarioServer.scenario_setRIG',
     'scenarioServer.scenario_getScenarioAdmin',
     'scenarioServer.Role_get',
     'scenarioServer.Role_find',
     'scenarioServer.getOrigin',
     'user.getOrigin',
     'user.get',
     'user.delete',
     'user.add',
     'user.list',
     'user.update',
     'webserver.attachresource',
     'webserver.attachscript',
     'mapview.getOrigin',
     'key.getOrigin',
     'key.sendRegisterRequest',
     'key.get',
     'key.delete',
     'key.add',
     'key.list',
     'key.update',
     'announcer.getOrigin',
     'announcer.getEvents',
     'announcer.getNews',
     'announcer.createEvents',
     'announcer.updateEvents',
     'announcer.deleteEvents',
     'announcer.createNews',
     'announcer.updateNews',
     'announcer.deleteNews',
     'sikplServer.Sikpl_GetById',
     'sikplServer.Sikpl_getAll',
     'sikplServer.Sikpl_create',
     'sikplServer.Sikpl_delete',
     'sikplServer.Sikpl_Update',
     'sikplServer.Sikpl_AddDocument',
     'sikplServer.Sikpl_deleteDocument',
     'sikplServer.Sikpl_DocumentBySection',
     'sikplServer.getOrigin' ],
  removedApi: [],
  addedApi: [ 'comm.getOrigin' ] }
webserver.attachscript() call success
remote API changes : 
{ existingApi: 
   [ 'scenarioServer.Role_assignUserToRole',
     'scenarioServer.Role_unAssignRole',
     'scenarioServer.Role_create',
     'scenarioServer.Role_update',
     'scenarioServer.Role_delete',
     'scenarioServer.Role_getRoleStructure',
     'scenarioServer.scenario_create',
     'scenarioServer.scenario_find',
     'scenarioServer.scenario_setTimeframe',
     'scenarioServer.scenario_setRIG',
     'scenarioServer.scenario_getScenarioAdmin',
     'scenarioServer.Role_get',
     'scenarioServer.Role_find',
     'scenarioServer.getOrigin',
     'user.getOrigin',
     'user.get',
     'user.delete',
     'user.add',
     'user.list',
     'user.update',
     'webserver.attachresource',
     'webserver.attachscript',
     'mapview.getOrigin',
     'key.getOrigin',
     'key.sendRegisterRequest',
     'key.get',
     'key.delete',
     'key.add',
     'key.list',
     'key.update',
     'announcer.getOrigin',
     'announcer.getEvents',
     'announcer.getNews',
     'announcer.createEvents',
     'announcer.updateEvents',
     'announcer.deleteEvents',
     'announcer.createNews',
     'announcer.updateNews',
     'announcer.deleteNews',
     'sikplServer.Sikpl_GetById',
     'sikplServer.Sikpl_getAll',
     'sikplServer.Sikpl_create',
     'sikplServer.Sikpl_delete',
     'sikplServer.Sikpl_Update',
     'sikplServer.Sikpl_AddDocument',
     'sikplServer.Sikpl_deleteDocument',
     'sikplServer.Sikpl_DocumentBySection',
     'sikplServer.getOrigin',
     'comm.getOrigin' ],
  removedApi: [],
  addedApi: [ 'radiogramServer.Radiogram_showAll' ] }
remote API changes : 
{ existingApi: 
   [ 'scenarioServer.Role_assignUserToRole',
     'scenarioServer.Role_unAssignRole',
     'scenarioServer.Role_create',
     'scenarioServer.Role_update',
     'scenarioServer.Role_delete',
     'scenarioServer.Role_getRoleStructure',
     'scenarioServer.scenario_create',
     'scenarioServer.scenario_find',
     'scenarioServer.scenario_setTimeframe',
     'scenarioServer.scenario_setRIG',
     'scenarioServer.scenario_getScenarioAdmin',
     'scenarioServer.Role_get',
     'scenarioServer.Role_find',
     'scenarioServer.getOrigin',
     'user.getOrigin',
     'user.get',
     'user.delete',
     'user.add',
     'user.list',
     'user.update',
     'webserver.attachresource',
     'webserver.attachscript',
     'mapview.getOrigin',
     'key.getOrigin',
     'key.sendRegisterRequest',
     'key.get',
     'key.delete',
     'key.add',
     'key.list',
     'key.update',
     'announcer.getOrigin',
     'announcer.getEvents',
     'announcer.getNews',
     'announcer.createEvents',
     'announcer.updateEvents',
     'announcer.deleteEvents',
     'announcer.createNews',
     'announcer.updateNews',
     'announcer.deleteNews',
     'sikplServer.Sikpl_GetById',
     'sikplServer.Sikpl_getAll',
     'sikplServer.Sikpl_create',
     'sikplServer.Sikpl_delete',
     'sikplServer.Sikpl_Update',
     'sikplServer.Sikpl_AddDocument',
     'sikplServer.Sikpl_deleteDocument',
     'sikplServer.Sikpl_DocumentBySection',
     'sikplServer.getOrigin',
     'comm.getOrigin',
     'radiogramServer.Radiogram_showAll' ],
  removedApi: [],
  addedApi: 
   [ 'radiogramServer.Printer_PrintToPDF',
     'radiogramServer.Printer_PrintPaper',
     'radiogramServer.Radiogram_GetById',
     'radiogramServer.Radiogram_GetByTitle',
     'radiogramServer.Radiogram_GetRIGTime',
     'radiogramServer.Radiogram_GetBySession',
     'radiogramServer.Radiogram_GetByFolder',
     'radiogramServer.Radiogram_GetByRole',
     'radiogramServer.Radiogram_GetInboxByRole',
     'radiogramServer.Radiogram_GetInboxBySession',
     'radiogramServer.Radiogram_SendRIG',
     'radiogramServer.Radiogram_Send',
     'radiogramServer.Radiogram_setSendTime',
     'radiogramServer.Radiogram_Draft',
     'radiogramServer.getOrigin' ] }
remote API changes : 
{ existingApi: 
   [ 'scenarioServer.Role_assignUserToRole',
     'scenarioServer.Role_unAssignRole',
     'scenarioServer.Role_create',
     'scenarioServer.Role_update',
     'scenarioServer.Role_delete',
     'scenarioServer.Role_getRoleStructure',
     'scenarioServer.scenario_create',
     'scenarioServer.scenario_find',
     'scenarioServer.scenario_setTimeframe',
     'scenarioServer.scenario_setRIG',
     'scenarioServer.scenario_getScenarioAdmin',
     'scenarioServer.Role_get',
     'scenarioServer.Role_find',
     'scenarioServer.getOrigin',
     'user.getOrigin',
     'user.get',
     'user.delete',
     'user.add',
     'user.list',
     'user.update',
     'webserver.attachresource',
     'webserver.attachscript',
     'mapview.getOrigin',
     'key.getOrigin',
     'key.sendRegisterRequest',
     'key.get',
     'key.delete',
     'key.add',
     'key.list',
     'key.update',
     'announcer.getOrigin',
     'announcer.getEvents',
     'announcer.getNews',
     'announcer.createEvents',
     'announcer.updateEvents',
     'announcer.deleteEvents',
     'announcer.createNews',
     'announcer.updateNews',
     'announcer.deleteNews',
     'sikplServer.Sikpl_GetById',
     'sikplServer.Sikpl_getAll',
     'sikplServer.Sikpl_create',
     'sikplServer.Sikpl_delete',
     'sikplServer.Sikpl_Update',
     'sikplServer.Sikpl_AddDocument',
     'sikplServer.Sikpl_deleteDocument',
     'sikplServer.Sikpl_DocumentBySection',
     'sikplServer.getOrigin',
     'comm.getOrigin',
     'radiogramServer.Radiogram_showAll',
     'radiogramServer.Printer_PrintToPDF',
     'radiogramServer.Printer_PrintPaper',
     'radiogramServer.Radiogram_GetById',
     'radiogramServer.Radiogram_GetByTitle',
     'radiogramServer.Radiogram_GetRIGTime',
     'radiogramServer.Radiogram_GetBySession',
     'radiogramServer.Radiogram_GetByFolder',
     'radiogramServer.Radiogram_GetByRole',
     'radiogramServer.Radiogram_GetInboxByRole',
     'radiogramServer.Radiogram_GetInboxBySession',
     'radiogramServer.Radiogram_SendRIG',
     'radiogramServer.Radiogram_Send',
     'radiogramServer.Radiogram_setSendTime',
     'radiogramServer.Radiogram_Draft',
     'radiogramServer.getOrigin' ],
  removedApi: [],
  addedApi: 
   [ 'clockserver.getOrigin',
     'clockserver.getService',
     'clockserver.createService',
     'clockserver.deleteService',
     'clockserver.stopService',
     'clockserver.pauseService',
     'clockserver.resumeService',
     'clockserver.findTimeframe',
     'clockserver.createTimeframe',
     'clockserver.addSegment',
     'clockserver.createSegment',
     'clockserver.editTimeframe',
     'clockserver.removeTimeframe',
     'clockserver.attachTimeframe',
     'clockserver.getTimeframe',
     'clockserver.getTimeframes',
     'clockserver.createAlarm',
     'clockserver.removeAlarm' ] }
remote API changes : 
{ existingApi: 
   [ 'scenarioServer.Role_assignUserToRole',
     'scenarioServer.Role_unAssignRole',
     'scenarioServer.Role_create',
     'scenarioServer.Role_update',
     'scenarioServer.Role_delete',
     'scenarioServer.Role_getRoleStructure',
     'scenarioServer.scenario_create',
     'scenarioServer.scenario_find',
     'scenarioServer.scenario_setTimeframe',
     'scenarioServer.scenario_setRIG',
     'scenarioServer.scenario_getScenarioAdmin',
     'scenarioServer.Role_get',
     'scenarioServer.Role_find',
     'scenarioServer.getOrigin',
     'user.getOrigin',
     'user.get',
     'user.delete',
     'user.add',
     'user.list',
     'user.update',
     'webserver.attachresource',
     'webserver.attachscript',
     'mapview.getOrigin',
     'key.getOrigin',
     'key.sendRegisterRequest',
     'key.get',
     'key.delete',
     'key.add',
     'key.list',
     'key.update',
     'announcer.getOrigin',
     'announcer.getEvents',
     'announcer.getNews',
     'announcer.createEvents',
     'announcer.updateEvents',
     'announcer.deleteEvents',
     'announcer.createNews',
     'announcer.updateNews',
     'announcer.deleteNews',
     'sikplServer.Sikpl_GetById',
     'sikplServer.Sikpl_getAll',
     'sikplServer.Sikpl_create',
     'sikplServer.Sikpl_delete',
     'sikplServer.Sikpl_Update',
     'sikplServer.Sikpl_AddDocument',
     'sikplServer.Sikpl_deleteDocument',
     'sikplServer.Sikpl_DocumentBySection',
     'sikplServer.getOrigin',
     'comm.getOrigin',
     'radiogramServer.Radiogram_showAll',
     'radiogramServer.Printer_PrintToPDF',
     'radiogramServer.Printer_PrintPaper',
     'radiogramServer.Radiogram_GetById',
     'radiogramServer.Radiogram_GetByTitle',
     'radiogramServer.Radiogram_GetRIGTime',
     'radiogramServer.Radiogram_GetBySession',
     'radiogramServer.Radiogram_GetByFolder',
     'radiogramServer.Radiogram_GetByRole',
     'radiogramServer.Radiogram_GetInboxByRole',
     'radiogramServer.Radiogram_GetInboxBySession',
     'radiogramServer.Radiogram_SendRIG',
     'radiogramServer.Radiogram_Send',
     'radiogramServer.Radiogram_setSendTime',
     'radiogramServer.Radiogram_Draft',
     'radiogramServer.getOrigin',
     'clockserver.getOrigin',
     'clockserver.getService',
     'clockserver.createService',
     'clockserver.deleteService',
     'clockserver.stopService',
     'clockserver.pauseService',
     'clockserver.resumeService',
     'clockserver.findTimeframe',
     'clockserver.createTimeframe',
     'clockserver.addSegment',
     'clockserver.createSegment',
     'clockserver.editTimeframe',
     'clockserver.removeTimeframe',
     'clockserver.attachTimeframe',
     'clockserver.getTimeframe',
     'clockserver.getTimeframes',
     'clockserver.createAlarm',
     'clockserver.removeAlarm' ],
  removedApi: [],
  addedApi: [] }
remote API changes : 
{ existingApi: 
   [ 'scenarioServer.Role_assignUserToRole',
     'scenarioServer.Role_unAssignRole',
     'scenarioServer.Role_create',
     'scenarioServer.Role_update',
     'scenarioServer.Role_delete',
     'scenarioServer.Role_getRoleStructure',
     'scenarioServer.scenario_create',
     'scenarioServer.scenario_find',
     'scenarioServer.scenario_setTimeframe',
     'scenarioServer.scenario_setRIG',
     'scenarioServer.scenario_getScenarioAdmin',
     'scenarioServer.Role_get',
     'scenarioServer.Role_find',
     'scenarioServer.getOrigin',
     'user.getOrigin',
     'user.get',
     'user.delete',
     'user.add',
     'user.list',
     'user.update',
     'webserver.attachresource',
     'webserver.attachscript',
     'mapview.getOrigin',
     'key.getOrigin',
     'key.sendRegisterRequest',
     'key.get',
     'key.delete',
     'key.add',
     'key.list',
     'key.update',
     'announcer.getOrigin',
     'announcer.getEvents',
     'announcer.getNews',
     'announcer.createEvents',
     'announcer.updateEvents',
     'announcer.deleteEvents',
     'announcer.createNews',
     'announcer.updateNews',
     'announcer.deleteNews',
     'sikplServer.Sikpl_GetById',
     'sikplServer.Sikpl_getAll',
     'sikplServer.Sikpl_create',
     'sikplServer.Sikpl_delete',
     'sikplServer.Sikpl_Update',
     'sikplServer.Sikpl_AddDocument',
     'sikplServer.Sikpl_deleteDocument',
     'sikplServer.Sikpl_DocumentBySection',
     'sikplServer.getOrigin',
     'comm.getOrigin',
     'radiogramServer.Radiogram_showAll',
     'radiogramServer.Printer_PrintToPDF',
     'radiogramServer.Printer_PrintPaper',
     'radiogramServer.Radiogram_GetById',
     'radiogramServer.Radiogram_GetByTitle',
     'radiogramServer.Radiogram_GetRIGTime',
     'radiogramServer.Radiogram_GetBySession',
     'radiogramServer.Radiogram_GetByFolder',
     'radiogramServer.Radiogram_GetByRole',
     'radiogramServer.Radiogram_GetInboxByRole',
     'radiogramServer.Radiogram_GetInboxBySession',
     'radiogramServer.Radiogram_SendRIG',
     'radiogramServer.Radiogram_Send',
     'radiogramServer.Radiogram_setSendTime',
     'radiogramServer.Radiogram_Draft',
     'radiogramServer.getOrigin',
     'clockserver.getOrigin',
     'clockserver.getService',
     'clockserver.createService',
     'clockserver.deleteService',
     'clockserver.stopService',
     'clockserver.pauseService',
     'clockserver.resumeService',
     'clockserver.findTimeframe',
     'clockserver.createTimeframe',
     'clockserver.addSegment',
     'clockserver.createSegment',
     'clockserver.editTimeframe',
     'clockserver.removeTimeframe',
     'clockserver.attachTimeframe',
     'clockserver.getTimeframe',
     'clockserver.getTimeframes',
     'clockserver.createAlarm',
     'clockserver.removeAlarm' ],
  removedApi: [],
  addedApi: 
   [ 'rigServer.Rig_GetById',
     'rigServer.Rig_GetByName',
     'rigServer.Rig_loadTime',
     'rigServer.Rig_Create',
     'rigServer.Rig_getBySession',
     'rigServer.Rig_setRadiogram',
     'rigServer.Rig_deleteRadiogram',
     'rigServer.Rig_get',
     'rigServer.Rig_getAll',
     'rigServer.Rig_delete',
     'rigServer.Rig_Update',
     'rigServer.getOrigin' ] }
remote API changes : 
{ existingApi: 
   [ 'scenarioServer.Role_assignUserToRole',
     'scenarioServer.Role_unAssignRole',
     'scenarioServer.Role_create',
     'scenarioServer.Role_update',
     'scenarioServer.Role_delete',
     'scenarioServer.Role_getRoleStructure',
     'scenarioServer.scenario_create',
     'scenarioServer.scenario_find',
     'scenarioServer.scenario_setTimeframe',
     'scenarioServer.scenario_setRIG',
     'scenarioServer.scenario_getScenarioAdmin',
     'scenarioServer.Role_get',
     'scenarioServer.Role_find',
     'scenarioServer.getOrigin',
     'user.getOrigin',
     'user.get',
     'user.delete',
     'user.add',
     'user.list',
     'user.update',
     'webserver.attachresource',
     'webserver.attachscript',
     'mapview.getOrigin',
     'key.getOrigin',
     'key.sendRegisterRequest',
     'key.get',
     'key.delete',
     'key.add',
     'key.list',
     'key.update',
     'announcer.getOrigin',
     'announcer.getEvents',
     'announcer.getNews',
     'announcer.createEvents',
     'announcer.updateEvents',
     'announcer.deleteEvents',
     'announcer.createNews',
     'announcer.updateNews',
     'announcer.deleteNews',
     'sikplServer.Sikpl_GetById',
     'sikplServer.Sikpl_getAll',
     'sikplServer.Sikpl_create',
     'sikplServer.Sikpl_delete',
     'sikplServer.Sikpl_Update',
     'sikplServer.Sikpl_AddDocument',
     'sikplServer.Sikpl_deleteDocument',
     'sikplServer.Sikpl_DocumentBySection',
     'sikplServer.getOrigin',
     'comm.getOrigin',
     'radiogramServer.Radiogram_showAll',
     'radiogramServer.Printer_PrintToPDF',
     'radiogramServer.Printer_PrintPaper',
     'radiogramServer.Radiogram_GetById',
     'radiogramServer.Radiogram_GetByTitle',
     'radiogramServer.Radiogram_GetRIGTime',
     'radiogramServer.Radiogram_GetBySession',
     'radiogramServer.Radiogram_GetByFolder',
     'radiogramServer.Radiogram_GetByRole',
     'radiogramServer.Radiogram_GetInboxByRole',
     'radiogramServer.Radiogram_GetInboxBySession',
     'radiogramServer.Radiogram_SendRIG',
     'radiogramServer.Radiogram_Send',
     'radiogramServer.Radiogram_setSendTime',
     'radiogramServer.Radiogram_Draft',
     'radiogramServer.getOrigin',
     'clockserver.getOrigin',
     'clockserver.getService',
     'clockserver.createService',
     'clockserver.deleteService',
     'clockserver.stopService',
     'clockserver.pauseService',
     'clockserver.resumeService',
     'clockserver.findTimeframe',
     'clockserver.createTimeframe',
     'clockserver.addSegment',
     'clockserver.createSegment',
     'clockserver.editTimeframe',
     'clockserver.removeTimeframe',
     'clockserver.attachTimeframe',
     'clockserver.getTimeframe',
     'clockserver.getTimeframes',
     'clockserver.createAlarm',
     'clockserver.removeAlarm',
     'rigServer.Rig_GetById',
     'rigServer.Rig_GetByName',
     'rigServer.Rig_loadTime',
     'rigServer.Rig_Create',
     'rigServer.Rig_getBySession',
     'rigServer.Rig_setRadiogram',
     'rigServer.Rig_deleteRadiogram',
     'rigServer.Rig_get',
     'rigServer.Rig_getAll',
     'rigServer.Rig_delete',
     'rigServer.Rig_Update',
     'rigServer.getOrigin' ],
  removedApi: [],
  addedApi: [ 'assetsApp.getOrigin' ] }
remote API changes : 
{ existingApi: 
   [ 'scenarioServer.Role_assignUserToRole',
     'scenarioServer.Role_unAssignRole',
     'scenarioServer.Role_create',
     'scenarioServer.Role_update',
     'scenarioServer.Role_delete',
     'scenarioServer.Role_getRoleStructure',
     'scenarioServer.scenario_create',
     'scenarioServer.scenario_find',
     'scenarioServer.scenario_setTimeframe',
     'scenarioServer.scenario_setRIG',
     'scenarioServer.scenario_getScenarioAdmin',
     'scenarioServer.Role_get',
     'scenarioServer.Role_find',
     'scenarioServer.getOrigin',
     'user.getOrigin',
     'user.get',
     'user.delete',
     'user.add',
     'user.list',
     'user.update',
     'webserver.attachresource',
     'webserver.attachscript',
     'mapview.getOrigin',
     'key.getOrigin',
     'key.sendRegisterRequest',
     'key.get',
     'key.delete',
     'key.add',
     'key.list',
     'key.update',
     'announcer.getOrigin',
     'announcer.getEvents',
     'announcer.getNews',
     'announcer.createEvents',
     'announcer.updateEvents',
     'announcer.deleteEvents',
     'announcer.createNews',
     'announcer.updateNews',
     'announcer.deleteNews',
     'sikplServer.Sikpl_GetById',
     'sikplServer.Sikpl_getAll',
     'sikplServer.Sikpl_create',
     'sikplServer.Sikpl_delete',
     'sikplServer.Sikpl_Update',
     'sikplServer.Sikpl_AddDocument',
     'sikplServer.Sikpl_deleteDocument',
     'sikplServer.Sikpl_DocumentBySection',
     'sikplServer.getOrigin',
     'comm.getOrigin',
     'radiogramServer.Radiogram_showAll',
     'radiogramServer.Printer_PrintToPDF',
     'radiogramServer.Printer_PrintPaper',
     'radiogramServer.Radiogram_GetById',
     'radiogramServer.Radiogram_GetByTitle',
     'radiogramServer.Radiogram_GetRIGTime',
     'radiogramServer.Radiogram_GetBySession',
     'radiogramServer.Radiogram_GetByFolder',
     'radiogramServer.Radiogram_GetByRole',
     'radiogramServer.Radiogram_GetInboxByRole',
     'radiogramServer.Radiogram_GetInboxBySession',
     'radiogramServer.Radiogram_SendRIG',
     'radiogramServer.Radiogram_Send',
     'radiogramServer.Radiogram_setSendTime',
     'radiogramServer.Radiogram_Draft',
     'radiogramServer.getOrigin',
     'assetsApp.getOrigin',
     'clockserver.getOrigin',
     'clockserver.getService',
     'clockserver.createService',
     'clockserver.deleteService',
     'clockserver.stopService',
     'clockserver.pauseService',
     'clockserver.resumeService',
     'clockserver.findTimeframe',
     'clockserver.createTimeframe',
     'clockserver.addSegment',
     'clockserver.createSegment',
     'clockserver.editTimeframe',
     'clockserver.removeTimeframe',
     'clockserver.attachTimeframe',
     'clockserver.getTimeframe',
     'clockserver.getTimeframes',
     'clockserver.createAlarm',
     'clockserver.removeAlarm',
     'rigServer.Rig_GetById',
     'rigServer.Rig_GetByName',
     'rigServer.Rig_loadTime',
     'rigServer.Rig_Create',
     'rigServer.Rig_getBySession',
     'rigServer.Rig_setRadiogram',
     'rigServer.Rig_deleteRadiogram',
     'rigServer.Rig_get',
     'rigServer.Rig_getAll',
     'rigServer.Rig_delete',
     'rigServer.Rig_Update',
     'rigServer.getOrigin' ],
  removedApi: [],
  addedApi: 
   [ 'groupPolicyServer.groupAsignee_getPolicies',
     'groupPolicyServer.groupAsignee_getTokens',
     'groupPolicyServer.groupAsignee_create',
     'groupPolicyServer.groupAsignee_update',
     'groupPolicyServer.groupAsignee_delete',
     'groupPolicyServer.groupAsignee_admin_register',
     'groupPolicyServer.groupAsignee_register',
     'groupPolicyServer.groupAsignee_revoke',
     'groupPolicyServer.groupAsignee_getAll',
     'groupPolicyServer.groupAsignee_getGroupPolicies',
     'groupPolicyServer.group_delete',
     'groupPolicyServer.group_create',
     'groupPolicyServer.group_addPolicy',
     'groupPolicyServer.group_removePolicy',
     'groupPolicyServer.group_getAll',
     'groupPolicyServer.group_getPolicies',
     'groupPolicyServer.policy_revoke',
     'groupPolicyServer.policy_update',
     'groupPolicyServer.policy_getAll' ] }
remote API changes : 
{ existingApi: 
   [ 'scenarioServer.Role_assignUserToRole',
     'scenarioServer.Role_unAssignRole',
     'scenarioServer.Role_create',
     'scenarioServer.Role_update',
     'scenarioServer.Role_delete',
     'scenarioServer.Role_getRoleStructure',
     'scenarioServer.scenario_create',
     'scenarioServer.scenario_find',
     'scenarioServer.scenario_setTimeframe',
     'scenarioServer.scenario_setRIG',
     'scenarioServer.scenario_getScenarioAdmin',
     'scenarioServer.Role_get',
     'scenarioServer.Role_find',
     'scenarioServer.getOrigin',
     'user.getOrigin',
     'user.get',
     'user.delete',
     'user.add',
     'user.list',
     'user.update',
     'webserver.attachresource',
     'webserver.attachscript',
     'mapview.getOrigin',
     'key.getOrigin',
     'key.sendRegisterRequest',
     'key.get',
     'key.delete',
     'key.add',
     'key.list',
     'key.update',
     'announcer.getOrigin',
     'announcer.getEvents',
     'announcer.getNews',
     'announcer.createEvents',
     'announcer.updateEvents',
     'announcer.deleteEvents',
     'announcer.createNews',
     'announcer.updateNews',
     'announcer.deleteNews',
     'sikplServer.Sikpl_GetById',
     'sikplServer.Sikpl_getAll',
     'sikplServer.Sikpl_create',
     'sikplServer.Sikpl_delete',
     'sikplServer.Sikpl_Update',
     'sikplServer.Sikpl_AddDocument',
     'sikplServer.Sikpl_deleteDocument',
     'sikplServer.Sikpl_DocumentBySection',
     'sikplServer.getOrigin',
     'comm.getOrigin',
     'radiogramServer.Radiogram_showAll',
     'radiogramServer.Printer_PrintToPDF',
     'radiogramServer.Printer_PrintPaper',
     'radiogramServer.Radiogram_GetById',
     'radiogramServer.Radiogram_GetByTitle',
     'radiogramServer.Radiogram_GetRIGTime',
     'radiogramServer.Radiogram_GetBySession',
     'radiogramServer.Radiogram_GetByFolder',
     'radiogramServer.Radiogram_GetByRole',
     'radiogramServer.Radiogram_GetInboxByRole',
     'radiogramServer.Radiogram_GetInboxBySession',
     'radiogramServer.Radiogram_SendRIG',
     'radiogramServer.Radiogram_Send',
     'radiogramServer.Radiogram_setSendTime',
     'radiogramServer.Radiogram_Draft',
     'radiogramServer.getOrigin',
     'assetsApp.getOrigin',
     'clockserver.getOrigin',
     'clockserver.getService',
     'clockserver.createService',
     'clockserver.deleteService',
     'clockserver.stopService',
     'clockserver.pauseService',
     'clockserver.resumeService',
     'clockserver.findTimeframe',
     'clockserver.createTimeframe',
     'clockserver.addSegment',
     'clockserver.createSegment',
     'clockserver.editTimeframe',
     'clockserver.removeTimeframe',
     'clockserver.attachTimeframe',
     'clockserver.getTimeframe',
     'clockserver.getTimeframes',
     'clockserver.createAlarm',
     'clockserver.removeAlarm',
     'groupPolicyServer.groupAsignee_getPolicies',
     'groupPolicyServer.groupAsignee_getTokens',
     'groupPolicyServer.groupAsignee_create',
     'groupPolicyServer.groupAsignee_update',
     'groupPolicyServer.groupAsignee_delete',
     'groupPolicyServer.groupAsignee_admin_register',
     'groupPolicyServer.groupAsignee_register',
     'groupPolicyServer.groupAsignee_revoke',
     'groupPolicyServer.groupAsignee_getAll',
     'groupPolicyServer.groupAsignee_getGroupPolicies',
     'groupPolicyServer.group_delete',
     'groupPolicyServer.group_create',
     'groupPolicyServer.group_addPolicy',
     'groupPolicyServer.group_removePolicy',
     'groupPolicyServer.group_getAll',
     'groupPolicyServer.group_getPolicies',
     ... 15 more items ],
  removedApi: [],
  addedApi: 
   [ 'groupPolicyServer.groupAsignee_getGroup',
     'groupPolicyServer.groupAsignee_hasPolicies',
     'groupPolicyServer.group_get',
     'groupPolicyServer.policy_register',
     'groupPolicyServer.getOrigin' ] }
remote API changes : 
{ existingApi: 
   [ 'scenarioServer.Role_assignUserToRole',
     'scenarioServer.Role_unAssignRole',
     'scenarioServer.Role_create',
     'scenarioServer.Role_update',
     'scenarioServer.Role_delete',
     'scenarioServer.Role_getRoleStructure',
     'scenarioServer.scenario_create',
     'scenarioServer.scenario_find',
     'scenarioServer.scenario_setTimeframe',
     'scenarioServer.scenario_setRIG',
     'scenarioServer.scenario_getScenarioAdmin',
     'scenarioServer.Role_get',
     'scenarioServer.Role_find',
     'scenarioServer.getOrigin',
     'user.getOrigin',
     'user.get',
     'user.delete',
     'user.add',
     'user.list',
     'user.update',
     'webserver.attachresource',
     'webserver.attachscript',
     'mapview.getOrigin',
     'key.getOrigin',
     'key.sendRegisterRequest',
     'key.get',
     'key.delete',
     'key.add',
     'key.list',
     'key.update',
     'announcer.getOrigin',
     'announcer.getEvents',
     'announcer.getNews',
     'announcer.createEvents',
     'announcer.updateEvents',
     'announcer.deleteEvents',
     'announcer.createNews',
     'announcer.updateNews',
     'announcer.deleteNews',
     'sikplServer.Sikpl_GetById',
     'sikplServer.Sikpl_getAll',
     'sikplServer.Sikpl_create',
     'sikplServer.Sikpl_delete',
     'sikplServer.Sikpl_Update',
     'sikplServer.Sikpl_AddDocument',
     'sikplServer.Sikpl_deleteDocument',
     'sikplServer.Sikpl_DocumentBySection',
     'sikplServer.getOrigin',
     'comm.getOrigin',
     'radiogramServer.Radiogram_showAll',
     'radiogramServer.Printer_PrintToPDF',
     'radiogramServer.Printer_PrintPaper',
     'radiogramServer.Radiogram_GetById',
     'radiogramServer.Radiogram_GetByTitle',
     'radiogramServer.Radiogram_GetRIGTime',
     'radiogramServer.Radiogram_GetBySession',
     'radiogramServer.Radiogram_GetByFolder',
     'radiogramServer.Radiogram_GetByRole',
     'radiogramServer.Radiogram_GetInboxByRole',
     'radiogramServer.Radiogram_GetInboxBySession',
     'radiogramServer.Radiogram_SendRIG',
     'radiogramServer.Radiogram_Send',
     'radiogramServer.Radiogram_setSendTime',
     'radiogramServer.Radiogram_Draft',
     'radiogramServer.getOrigin',
     'assetsApp.getOrigin',
     'clockserver.getOrigin',
     'clockserver.getService',
     'clockserver.createService',
     'clockserver.deleteService',
     'clockserver.stopService',
     'clockserver.pauseService',
     'clockserver.resumeService',
     'clockserver.findTimeframe',
     'clockserver.createTimeframe',
     'clockserver.addSegment',
     'clockserver.createSegment',
     'clockserver.editTimeframe',
     'clockserver.removeTimeframe',
     'clockserver.attachTimeframe',
     'clockserver.getTimeframe',
     'clockserver.getTimeframes',
     'clockserver.createAlarm',
     'clockserver.removeAlarm',
     'groupPolicyServer.groupAsignee_getPolicies',
     'groupPolicyServer.groupAsignee_getTokens',
     'groupPolicyServer.groupAsignee_create',
     'groupPolicyServer.groupAsignee_update',
     'groupPolicyServer.groupAsignee_delete',
     'groupPolicyServer.groupAsignee_admin_register',
     'groupPolicyServer.groupAsignee_register',
     'groupPolicyServer.groupAsignee_revoke',
     'groupPolicyServer.groupAsignee_getAll',
     'groupPolicyServer.groupAsignee_getGroupPolicies',
     'groupPolicyServer.group_delete',
     'groupPolicyServer.group_create',
     'groupPolicyServer.group_addPolicy',
     'groupPolicyServer.group_removePolicy',
     'groupPolicyServer.group_getAll',
     'groupPolicyServer.group_getPolicies',
     ... 20 more items ],
  removedApi: [],
  addedApi: 
   [ 'sessionServer.Activity_create',
     'sessionServer.Activity_delete',
     'sessionServer.Activity_update',
     'sessionServer.Activity_activate',
     'sessionServer.Activity_deactivate',
     'sessionServer.Activity_addSession',
     'sessionServer.RoleKey_setRoleKey',
     'sessionServer.RoleKey_setRoleUser',
     'sessionServer.Session_create',
     'sessionServer.Session_attachMasterDomain',
     'sessionServer.Session_update',
     'sessionServer.Session_delete',
     'sessionServer.Session_attachScenario',
     'sessionServer.Session_dettachScenario',
     'sessionServer.Session_addUser',
     'sessionServer.Session_removeUser',
     'sessionServer.Session_addTerminal',
     'sessionServer.Session_removeTerminal',
     'sessionServer.Session_start',
     'sessionServer.Session_attachTimeService' ] }
remote API changes : 
{ existingApi: 
   [ 'scenarioServer.Role_assignUserToRole',
     'scenarioServer.Role_unAssignRole',
     'scenarioServer.Role_create',
     'scenarioServer.Role_update',
     'scenarioServer.Role_delete',
     'scenarioServer.Role_getRoleStructure',
     'scenarioServer.scenario_create',
     'scenarioServer.scenario_find',
     'scenarioServer.scenario_setTimeframe',
     'scenarioServer.scenario_setRIG',
     'scenarioServer.scenario_getScenarioAdmin',
     'scenarioServer.Role_get',
     'scenarioServer.Role_find',
     'scenarioServer.getOrigin',
     'user.getOrigin',
     'user.get',
     'user.delete',
     'user.add',
     'user.list',
     'user.update',
     'webserver.attachresource',
     'webserver.attachscript',
     'mapview.getOrigin',
     'key.getOrigin',
     'key.sendRegisterRequest',
     'key.get',
     'key.delete',
     'key.add',
     'key.list',
     'key.update',
     'announcer.getOrigin',
     'announcer.getEvents',
     'announcer.getNews',
     'announcer.createEvents',
     'announcer.updateEvents',
     'announcer.deleteEvents',
     'announcer.createNews',
     'announcer.updateNews',
     'announcer.deleteNews',
     'sikplServer.Sikpl_GetById',
     'sikplServer.Sikpl_getAll',
     'sikplServer.Sikpl_create',
     'sikplServer.Sikpl_delete',
     'sikplServer.Sikpl_Update',
     'sikplServer.Sikpl_AddDocument',
     'sikplServer.Sikpl_deleteDocument',
     'sikplServer.Sikpl_DocumentBySection',
     'sikplServer.getOrigin',
     'comm.getOrigin',
     'radiogramServer.Radiogram_showAll',
     'radiogramServer.Printer_PrintToPDF',
     'radiogramServer.Printer_PrintPaper',
     'radiogramServer.Radiogram_GetById',
     'radiogramServer.Radiogram_GetByTitle',
     'radiogramServer.Radiogram_GetRIGTime',
     'radiogramServer.Radiogram_GetBySession',
     'radiogramServer.Radiogram_GetByFolder',
     'radiogramServer.Radiogram_GetByRole',
     'radiogramServer.Radiogram_GetInboxByRole',
     'radiogramServer.Radiogram_GetInboxBySession',
     'radiogramServer.Radiogram_SendRIG',
     'radiogramServer.Radiogram_Send',
     'radiogramServer.Radiogram_setSendTime',
     'radiogramServer.Radiogram_Draft',
     'radiogramServer.getOrigin',
     'assetsApp.getOrigin',
     'clockserver.getOrigin',
     'clockserver.getService',
     'clockserver.createService',
     'clockserver.deleteService',
     'clockserver.stopService',
     'clockserver.pauseService',
     'clockserver.resumeService',
     'clockserver.findTimeframe',
     'clockserver.createTimeframe',
     'clockserver.addSegment',
     'clockserver.createSegment',
     'clockserver.editTimeframe',
     'clockserver.removeTimeframe',
     'clockserver.attachTimeframe',
     'clockserver.getTimeframe',
     'clockserver.getTimeframes',
     'clockserver.createAlarm',
     'clockserver.removeAlarm',
     'groupPolicyServer.groupAsignee_getPolicies',
     'groupPolicyServer.groupAsignee_getTokens',
     'groupPolicyServer.groupAsignee_create',
     'groupPolicyServer.groupAsignee_update',
     'groupPolicyServer.groupAsignee_delete',
     'groupPolicyServer.groupAsignee_admin_register',
     'groupPolicyServer.groupAsignee_register',
     'groupPolicyServer.groupAsignee_revoke',
     'groupPolicyServer.groupAsignee_getAll',
     'groupPolicyServer.groupAsignee_getGroupPolicies',
     'groupPolicyServer.group_delete',
     'groupPolicyServer.group_create',
     'groupPolicyServer.group_addPolicy',
     'groupPolicyServer.group_removePolicy',
     'groupPolicyServer.group_getAll',
     'groupPolicyServer.group_getPolicies',
     ... 40 more items ],
  removedApi: [],
  addedApi: 
   [ 'sessionServer.Activity_get',
     'sessionServer.Activity_getActive',
     'sessionServer.Activity_getActivities',
     'sessionServer.Activity_findActivities',
     'sessionServer.Activity_getSession',
     'sessionServer.RoleKey_getKey',
     'sessionServer.RoleKey_getRole',
     'sessionServer.Session_find',
     'sessionServer.Session_getMasterDomain',
     'sessionServer.Session_getUser',
     'sessionServer.Session_getTerminal',
     'sessionServer.Session_getUserSession',
     'sessionServer.Session_getAllActive',
     'sessionServer.Session_getActive',
     'sessionServer.Terminal_subscribe',
     'sessionServer.Terminal_find',
     'sessionServer.Terminal_register',
     'sessionServer.Terminal_delete',
     'sessionServer.domain_get',
     'sessionServer.domain_removeProperty',
     'sessionServer.domain_setPropertyChunk',
     'sessionServer.domain_setProperty',
     'sessionServer.domain_getProperties',
     'sessionServer.domain_getProperty',
     'sessionServer.domain_getPropertyBlob',
     'sessionServer.domain_create',
     'sessionServer.domain_delete',
     'sessionServer.domain_setClock',
     'sessionServer.domain_share',
     'sessionServer.domain_removeShare',
     'sessionServer.getOrigin' ] }
nonce https://localhost:3000 = 23055 (validate getOrigin)
remote API changes : 
{ existingApi: 
   [ 'scenarioServer.Role_assignUserToRole',
     'scenarioServer.Role_unAssignRole',
     'scenarioServer.Role_create',
     'scenarioServer.Role_update',
     'scenarioServer.Role_delete',
     'scenarioServer.Role_getRoleStructure',
     'scenarioServer.scenario_create',
     'scenarioServer.scenario_find',
     'scenarioServer.scenario_setTimeframe',
     'scenarioServer.scenario_setRIG',
     'scenarioServer.scenario_getScenarioAdmin',
     'scenarioServer.Role_get',
     'scenarioServer.Role_find',
     'scenarioServer.getOrigin',
     'user.getOrigin',
     'user.get',
     'user.delete',
     'user.add',
     'user.list',
     'user.update',
     'webserver.attachresource',
     'webserver.attachscript',
     'mapview.getOrigin',
     'key.getOrigin',
     'key.sendRegisterRequest',
     'key.get',
     'key.delete',
     'key.add',
     'key.list',
     'key.update',
     'announcer.getOrigin',
     'announcer.getEvents',
     'announcer.getNews',
     'announcer.createEvents',
     'announcer.updateEvents',
     'announcer.deleteEvents',
     'announcer.createNews',
     'announcer.updateNews',
     'announcer.deleteNews',
     'sikplServer.Sikpl_GetById',
     'sikplServer.Sikpl_getAll',
     'sikplServer.Sikpl_create',
     'sikplServer.Sikpl_delete',
     'sikplServer.Sikpl_Update',
     'sikplServer.Sikpl_AddDocument',
     'sikplServer.Sikpl_deleteDocument',
     'sikplServer.Sikpl_DocumentBySection',
     'sikplServer.getOrigin',
     'comm.getOrigin',
     'radiogramServer.Radiogram_showAll',
     'radiogramServer.Printer_PrintToPDF',
     'radiogramServer.Printer_PrintPaper',
     'radiogramServer.Radiogram_GetById',
     'radiogramServer.Radiogram_GetByTitle',
     'radiogramServer.Radiogram_GetRIGTime',
     'radiogramServer.Radiogram_GetBySession',
     'radiogramServer.Radiogram_GetByFolder',
     'radiogramServer.Radiogram_GetByRole',
     'radiogramServer.Radiogram_GetInboxByRole',
     'radiogramServer.Radiogram_GetInboxBySession',
     'radiogramServer.Radiogram_SendRIG',
     'radiogramServer.Radiogram_Send',
     'radiogramServer.Radiogram_setSendTime',
     'radiogramServer.Radiogram_Draft',
     'radiogramServer.getOrigin',
     'assetsApp.getOrigin',
     'clockserver.getOrigin',
     'clockserver.getService',
     'clockserver.createService',
     'clockserver.deleteService',
     'clockserver.stopService',
     'clockserver.pauseService',
     'clockserver.resumeService',
     'clockserver.findTimeframe',
     'clockserver.createTimeframe',
     'clockserver.addSegment',
     'clockserver.createSegment',
     'clockserver.editTimeframe',
     'clockserver.removeTimeframe',
     'clockserver.attachTimeframe',
     'clockserver.getTimeframe',
     'clockserver.getTimeframes',
     'clockserver.createAlarm',
     'clockserver.removeAlarm',
     'groupPolicyServer.groupAsignee_getPolicies',
     'groupPolicyServer.groupAsignee_getTokens',
     'groupPolicyServer.groupAsignee_create',
     'groupPolicyServer.groupAsignee_update',
     'groupPolicyServer.groupAsignee_delete',
     'groupPolicyServer.groupAsignee_admin_register',
     'groupPolicyServer.groupAsignee_register',
     'groupPolicyServer.groupAsignee_revoke',
     'groupPolicyServer.groupAsignee_getAll',
     'groupPolicyServer.groupAsignee_getGroupPolicies',
     'groupPolicyServer.group_delete',
     'groupPolicyServer.group_create',
     'groupPolicyServer.group_addPolicy',
     'groupPolicyServer.group_removePolicy',
     'groupPolicyServer.group_getAll',
     'groupPolicyServer.group_getPolicies',
     ... 71 more items ],
  removedApi: [],
  addedApi: [ 'documentServer.getOrigin' ] }
nonce https://localhost:3000 = 23056 (validate getOrigin)
nonce https://localhost:3000 = 23057 (validate getDocServerUrl)
